  [1m[35m (0.7ms)[0m  [1m[35mCREATE DATABASE "one_hour_beats" ENCODING = 'utf8'[0m
  [1m[35m (0.9ms)[0m  [1m[35mCREATE DATABASE "one_hour_beats_test" ENCODING = 'utf8'[0m
  [1m[35m (1.8ms)[0m  [1m[34mSELECT "schema_migrations"."version" FROM "schema_migrations" ORDER BY "schema_migrations"."version" ASC[0m
  [1m[35m (2.4ms)[0m  [1m[34mSELECT "ar_internal_metadata"."value" FROM "ar_internal_metadata" WHERE "ar_internal_metadata"."key" = $1[0m  [["key", "environment"]]
  [1m[35m (0.5ms)[0m  [1m[34mSELECT "schema_migrations"."version" FROM "schema_migrations" ORDER BY "schema_migrations"."version" ASC[0m
  [1m[35m (0.4ms)[0m  [1m[34mSELECT "ar_internal_metadata"."value" FROM "ar_internal_metadata" WHERE "ar_internal_metadata"."key" = $1[0m  [["key", "environment"]]
  [1m[35m (0.3ms)[0m  [1m[34mSELECT "schema_migrations"."version" FROM "schema_migrations" ORDER BY "schema_migrations"."version" ASC[0m
  [1m[35m (0.3ms)[0m  [1m[34mSELECT "ar_internal_metadata"."value" FROM "ar_internal_metadata" WHERE "ar_internal_metadata"."key" = $1[0m  [["key", "environment"]]
  [1m[35m (33.1ms)[0m  [1m[35mDROP DATABASE IF EXISTS "one_hour_beats"[0m
  [1m[35m (24.6ms)[0m  [1m[35mDROP DATABASE IF EXISTS "one_hour_beats_test"[0m
  [1m[35m (205.9ms)[0m  [1m[35mCREATE DATABASE "one_hour_beats" ENCODING = 'utf8'[0m
  [1m[35m (122.8ms)[0m  [1m[35mCREATE DATABASE "one_hour_beats_test" ENCODING = 'utf8'[0m
  [1m[35m (9.3ms)[0m  [1m[35mCREATE TABLE "schema_migrations" ("version" character varying NOT NULL PRIMARY KEY)[0m
  [1m[35m (9.1ms)[0m  [1m[35mCREATE TABLE "ar_internal_metadata" ("key" character varying NOT NULL PRIMARY KEY, "value" character varying, "created_at" timestamp(6) NOT NULL, "updated_at" timestamp(6) NOT NULL)[0m
  [1m[35m (0.2ms)[0m  [1m[34mSELECT pg_try_advisory_lock(5629214056339743870)[0m
  [1m[35m (0.7ms)[0m  [1m[34mSELECT "schema_migrations"."version" FROM "schema_migrations" ORDER BY "schema_migrations"."version" ASC[0m
Migrating to CreateUsers (20200513062345)
  [1m[35m (0.4ms)[0m  [1m[35mBEGIN[0m
  [1m[35m (9.2ms)[0m  [1m[35mCREATE TABLE "users" ("id" bigserial primary key, "username" character varying, "name" character varying, "email" character varying, "password" character varying, "thumbs" integer, "wins" integer, "created_at" timestamp(6) NOT NULL, "updated_at" timestamp(6) NOT NULL)[0m
  [1m[36mprimary::SchemaMigration Create (0.8ms)[0m  [1m[32mINSERT INTO "schema_migrations" ("version") VALUES ($1) RETURNING "version"[0m  [["version", "20200513062345"]]
  [1m[35m (2.4ms)[0m  [1m[35mCOMMIT[0m
Migrating to CreateJams (20200513062401)
  [1m[35m (0.7ms)[0m  [1m[35mBEGIN[0m
  [1m[35m (8.1ms)[0m  [1m[35mCREATE TABLE "jams" ("id" bigserial primary key, "name" character varying, "description" character varying, "time_limit" integer, "user_id" character varying, "started_at" timestamp, "created_at" timestamp(6) NOT NULL, "updated_at" timestamp(6) NOT NULL)[0m
  [1m[36mprimary::SchemaMigration Create (0.6ms)[0m  [1m[32mINSERT INTO "schema_migrations" ("version") VALUES ($1) RETURNING "version"[0m  [["version", "20200513062401"]]
  [1m[35m (1.8ms)[0m  [1m[35mCOMMIT[0m
Migrating to CreateEntries (20200513062408)
  [1m[35m (0.6ms)[0m  [1m[35mBEGIN[0m
  [1m[35m (8.9ms)[0m  [1m[35mCREATE TABLE "entries" ("id" bigserial primary key, "title" character varying, "link" character varying, "user_id" character varying, "jam_id" character varying, "string" character varying, "created_at" timestamp(6) NOT NULL, "updated_at" timestamp(6) NOT NULL)[0m
  [1m[36mprimary::SchemaMigration Create (0.5ms)[0m  [1m[32mINSERT INTO "schema_migrations" ("version") VALUES ($1) RETURNING "version"[0m  [["version", "20200513062408"]]
  [1m[35m (1.9ms)[0m  [1m[35mCOMMIT[0m
Migrating to CreateVoteTokens (20200513062412)
  [1m[35m (0.4ms)[0m  [1m[35mBEGIN[0m
  [1m[35m (8.4ms)[0m  [1m[35mCREATE TABLE "vote_tokens" ("id" bigserial primary key, "user_id" character varying, "jam_id" character varying, "entry_id" character varying)[0m
  [1m[36mprimary::SchemaMigration Create (0.5ms)[0m  [1m[32mINSERT INTO "schema_migrations" ("version") VALUES ($1) RETURNING "version"[0m  [["version", "20200513062412"]]
  [1m[35m (1.9ms)[0m  [1m[35mCOMMIT[0m
  [1m[36mActiveRecord::InternalMetadata Load (0.4ms)[0m  [1m[34mSELECT "ar_internal_metadata".* FROM "ar_internal_metadata" WHERE "ar_internal_metadata"."key" = $1 LIMIT $2[0m  [["key", "environment"], ["LIMIT", 1]]
  [1m[35m (0.2ms)[0m  [1m[35mBEGIN[0m
  [1m[36mActiveRecord::InternalMetadata Create (0.5ms)[0m  [1m[32mINSERT INTO "ar_internal_metadata" ("key", "value", "created_at", "updated_at") VALUES ($1, $2, $3, $4) RETURNING "key"[0m  [["key", "environment"], ["value", "development"], ["created_at", "2020-05-14 03:07:17.464310"], ["updated_at", "2020-05-14 03:07:17.464310"]]
  [1m[35m (1.7ms)[0m  [1m[35mCOMMIT[0m
  [1m[35m (0.3ms)[0m  [1m[34mSELECT pg_advisory_unlock(5629214056339743870)[0m
  [1m[35m (0.9ms)[0m  [1m[34mSELECT "schema_migrations"."version" FROM "schema_migrations" ORDER BY "schema_migrations"."version" ASC[0m
  [1m[35m (0.7ms)[0m  [1m[34mSELECT "schema_migrations"."version" FROM "schema_migrations" ORDER BY "schema_migrations"."version" ASC[0m
  [1m[35m (0.4ms)[0m  [1m[35mBEGIN[0m
  [1m[36mUser Create (0.8ms)[0m  [1m[32mINSERT INTO "users" ("username", "name", "email", "password", "thumbs", "wins", "created_at", "updated_at") VALUES ($1, $2, $3, $4, $5, $6, $7, $8) RETURNING "id"[0m  [["username", "eli7vh"], ["name", "elijah"], ["email", "elijahlucian@gmail.com"], ["password", "toffee15"], ["thumbs", 50], ["wins", 2], ["created_at", "2020-05-14 03:07:20.808318"], ["updated_at", "2020-05-14 03:07:20.808318"]]
  [1m[35m (1.9ms)[0m  [1m[35mCOMMIT[0m
  [1m[35m (0.4ms)[0m  [1m[35mBEGIN[0m
  [1m[36mUser Create (0.5ms)[0m  [1m[32mINSERT INTO "users" ("username", "name", "email", "password", "thumbs", "wins", "created_at", "updated_at") VALUES ($1, $2, $3, $4, $5, $6, $7, $8) RETURNING "id"[0m  [["username", "toffee"], ["name", "El Doge"], ["email", "vapsquad@gmail.com"], ["password", "toffee15"], ["thumbs", 20], ["wins", 5], ["created_at", "2020-05-14 03:07:20.826552"], ["updated_at", "2020-05-14 03:07:20.826552"]]
  [1m[35m (1.8ms)[0m  [1m[35mCOMMIT[0m
  [1m[35m (0.3ms)[0m  [1m[35mBEGIN[0m
  [1m[36mJam Create (0.7ms)[0m  [1m[32mINSERT INTO "jams" ("name", "description", "time_limit", "user_id", "started_at", "created_at", "updated_at") VALUES ($1, $2, $3, $4, $5, $6, $7) RETURNING "id"[0m  [["name", "first one hour beat!"], ["description", "make a beat within the hour! anything goes!"], ["time_limit", 240], ["user_id", "eli7vh"], ["started_at", "2020-05-14 03:07:20.845462"], ["created_at", "2020-05-14 03:07:20.864696"], ["updated_at", "2020-05-14 03:07:20.864696"]]
  [1m[35m (1.7ms)[0m  [1m[35mCOMMIT[0m
  [1m[35m (0.5ms)[0m  [1m[35mBEGIN[0m
  [1m[36mJam Create (0.6ms)[0m  [1m[32mINSERT INTO "jams" ("name", "description", "time_limit", "user_id", "created_at", "updated_at") VALUES ($1, $2, $3, $4, $5, $6) RETURNING "id"[0m  [["name", "a new ohb"], ["description", "make a sketch with only human noises!"], ["time_limit", 3600], ["user_id", "toffee"], ["created_at", "2020-05-14 03:07:20.880587"], ["updated_at", "2020-05-14 03:07:20.880587"]]
  [1m[35m (2.4ms)[0m  [1m[35mCOMMIT[0m
  [1m[35m (0.2ms)[0m  [1m[35mBEGIN[0m
  [1m[36mEntry Create (0.7ms)[0m  [1m[32mINSERT INTO "entries" ("title", "link", "user_id", "jam_id", "created_at", "updated_at") VALUES ($1, $2, $3, $4, $5, $6) RETURNING "id"[0m  [["title", "whats a dik 4"], ["link", "https://soundcloud.com/vapsquad/vapsquad-whats-a-dik-4"], ["user_id", "eli7vh"], ["jam_id", "dank-rhinos"], ["created_at", "2020-05-14 03:07:20.918939"], ["updated_at", "2020-05-14 03:07:20.918939"]]
  [1m[35m (1.8ms)[0m  [1m[35mCOMMIT[0m
  [1m[35m (0.2ms)[0m  [1m[35mBEGIN[0m
  [1m[36mVoteToken Create (0.6ms)[0m  [1m[32mINSERT INTO "vote_tokens" ("user_id", "jam_id") VALUES ($1, $2) RETURNING "id"[0m  [["user_id", "eli7vh"], ["jam_id", "dank-rhinos"]]
  [1m[35m (1.9ms)[0m  [1m[35mCOMMIT[0m
